

Started OPTIONS "/?latitude=37.7556636&longitude=-122.4753082" for 127.0.0.1 at 2015-01-04 15:02:27 -0800
  [1m[36mActiveRecord::SchemaMigration Load (0.7ms)[0m  [1mSELECT "schema_migrations".* FROM "schema_migrations"[0m
Processing by ApplicationController#preflight as */*
  Parameters: {"latitude"=>"37.7556636", "longitude"=>"-122.4753082"}
Completed 200 OK in 1ms (ActiveRecord: 0.0ms)


Started GET "/?latitude=37.7556636&longitude=-122.4753082" for 127.0.0.1 at 2015-01-04 15:02:27 -0800
Processing by SplashesController#index as HTML
  Parameters: {"latitude"=>"37.7556636", "longitude"=>"-122.4753082"}
  [1m[35mAuth Load (1.0ms)[0m  SELECT  "auths".* FROM "auths"  WHERE "auths"."access_token" = 'CAAKDGMC7ZACABAKkfVVIRgKsQ5nBfr4zycBtOe5cWFQYKlnsmOdgGlCk1ptMEZBiUcUAVpEEvwJsKSAWap6pTiMsvh5ncAaGBAQhjKvXqVQPZAAZAIqEGwt3LVjpQyZCECr22ECx89Q6lo439cRcXlvnwtmfWZB2F7ZB5LQdCWVlGgrEEHUnlZANEds20ZBhwyAzLPdvUsYWsXxHzmRBWqfAcol5gKbexixEZD' LIMIT 1
  [1m[36mUser Load (1.4ms)[0m  [1mSELECT  "users".* FROM "users"  WHERE "users"."id" = $1 LIMIT 1[0m  [["id", 12]]
  [1m[35m (0.3ms)[0m  BEGIN
  [1m[36m (0.1ms)[0m  [1mCOMMIT[0m
  [1m[35mSplash Load (2.9ms)[0m  SELECT  "splashes".* FROM "splashes" INNER JOIN "user_splashes" ON "splashes"."id" = "user_splashes"."splash_id" WHERE "user_splashes"."user_id" = $1  ORDER BY "splashes"."id" ASC LIMIT 1000  [["user_id", 12]]
  [1m[36mUserSplash Load (4.0ms)[0m  [1mSELECT "user_splashes".* FROM "user_splashes"  WHERE "user_splashes"."splash_id" IN (1036, 1037, 1038, 1039, 1040, 1041, 1042, 1043, 1044, 1045, 1046, 1047, 1048, 1049, 1050, 1051, 1052, 1053, 1054, 1055)[0m
  [1m[35mUser Load (3.4ms)[0m  SELECT "users".* FROM "users"  WHERE "users"."id" IN (8, 9, 10, 11)
  [1m[36mUserSplash Load (0.6ms)[0m  [1mSELECT  "user_splashes".* FROM "user_splashes"  WHERE "user_splashes"."splash_id" = $1 AND "user_splashes"."user_id" = 12 LIMIT 1[0m  [["splash_id", 1036]]
  [1m[35m (0.5ms)[0m  SELECT COUNT(*) FROM "user_splashes"  WHERE "user_splashes"."splash_id" = $1  [["splash_id", 1036]]
  [1m[36m (1.0ms)[0m  [1mSELECT COUNT(*) FROM "user_splashes"  WHERE "user_splashes"."splash_id" = $1 AND "user_splashes"."favorited" = 't'[0m  [["splash_id", 1036]]
  [1m[35m (0.4ms)[0m  SELECT COUNT(*) FROM "splash_comments"  WHERE "splash_comments"."splash_id" = $1  [["splash_id", 1036]]
  [1m[36mUserSplash Load (0.9ms)[0m  [1mSELECT  "user_splashes".* FROM "user_splashes"  WHERE "user_splashes"."splash_id" = $1 AND "user_splashes"."user_id" = 12 LIMIT 1[0m  [["splash_id", 1037]]
  [1m[35m (1.0ms)[0m  SELECT COUNT(*) FROM "user_splashes"  WHERE "user_splashes"."splash_id" = $1  [["splash_id", 1037]]
  [1m[36m (0.4ms)[0m  [1mSELECT COUNT(*) FROM "user_splashes"  WHERE "user_splashes"."splash_id" = $1 AND "user_splashes"."favorited" = 't'[0m  [["splash_id", 1037]]
  [1m[35m (0.3ms)[0m  SELECT COUNT(*) FROM "splash_comments"  WHERE "splash_comments"."splash_id" = $1  [["splash_id", 1037]]
  [1m[36mUserSplash Load (0.8ms)[0m  [1mSELECT  "user_splashes".* FROM "user_splashes"  WHERE "user_splashes"."splash_id" = $1 AND "user_splashes"."user_id" = 12 LIMIT 1[0m  [["splash_id", 1038]]
  [1m[35m (0.9ms)[0m  SELECT COUNT(*) FROM "user_splashes"  WHERE "user_splashes"."splash_id" = $1  [["splash_id", 1038]]
  [1m[36m (1.3ms)[0m  [1mSELECT COUNT(*) FROM "user_splashes"  WHERE "user_splashes"."splash_id" = $1 AND "user_splashes"."favorited" = 't'[0m  [["splash_id", 1038]]
  [1m[35m (8.4ms)[0m  SELECT COUNT(*) FROM "splash_comments"  WHERE "splash_comments"."splash_id" = $1  [["splash_id", 1038]]
  [1m[36mUserSplash Load (1.0ms)[0m  [1mSELECT  "user_splashes".* FROM "user_splashes"  WHERE "user_splashes"."splash_id" = $1 AND "user_splashes"."user_id" = 12 LIMIT 1[0m  [["splash_id", 1039]]
  [1m[35m (6.0ms)[0m  SELECT COUNT(*) FROM "user_splashes"  WHERE "user_splashes"."splash_id" = $1  [["splash_id", 1039]]
  [1m[36m (1.9ms)[0m  [1mSELECT COUNT(*) FROM "user_splashes"  WHERE "user_splashes"."splash_id" = $1 AND "user_splashes"."favorited" = 't'[0m  [["splash_id", 1039]]
  [1m[35m (3.8ms)[0m  SELECT COUNT(*) FROM "splash_comments"  WHERE "splash_comments"."splash_id" = $1  [["splash_id", 1039]]
  [1m[36mUserSplash Load (3.0ms)[0m  [1mSELECT  "user_splashes".* FROM "user_splashes"  WHERE "user_splashes"."splash_id" = $1 AND "user_splashes"."user_id" = 12 LIMIT 1[0m  [["splash_id", 1040]]
  [1m[35m (5.2ms)[0m  SELECT COUNT(*) FROM "user_splashes"  WHERE "user_splashes"."splash_id" = $1  [["splash_id", 1040]]
  [1m[36m (0.4ms)[0m  [1mSELECT COUNT(*) FROM "user_splashes"  WHERE "user_splashes"."splash_id" = $1 AND "user_splashes"."favorited" = 't'[0m  [["splash_id", 1040]]
  [1m[35m (0.4ms)[0m  SELECT COUNT(*) FROM "splash_comments"  WHERE "splash_comments"."splash_id" = $1  [["splash_id", 1040]]
  [1m[36mUserSplash Load (1.2ms)[0m  [1mSELECT  "user_splashes".* FROM "user_splashes"  WHERE "user_splashes"."splash_id" = $1 AND "user_splashes"."user_id" = 12 LIMIT 1[0m  [["splash_id", 1041]]
  [1m[35m (1.1ms)[0m  SELECT COUNT(*) FROM "user_splashes"  WHERE "user_splashes"."splash_id" = $1  [["splash_id", 1041]]
  [1m[36m (1.5ms)[0m  [1mSELECT COUNT(*) FROM "user_splashes"  WHERE "user_splashes"."splash_id" = $1 AND "user_splashes"."favorited" = 't'[0m  [["splash_id", 1041]]
  [1m[35m (1.0ms)[0m  SELECT COUNT(*) FROM "splash_comments"  WHERE "splash_comments"."splash_id" = $1  [["splash_id", 1041]]
  [1m[36mUserSplash Load (2.7ms)[0m  [1mSELECT  "user_splashes".* FROM "user_splashes"  WHERE "user_splashes"."splash_id" = $1 AND "user_splashes"."user_id" = 12 LIMIT 1[0m  [["splash_id", 1042]]
  [1m[35m (0.3ms)[0m  SELECT COUNT(*) FROM "user_splashes"  WHERE "user_splashes"."splash_id" = $1  [["splash_id", 1042]]
  [1m[36m (0.2ms)[0m  [1mSELECT COUNT(*) FROM "user_splashes"  WHERE "user_splashes"."splash_id" = $1 AND "user_splashes"."favorited" = 't'[0m  [["splash_id", 1042]]
  [1m[35m (0.3ms)[0m  SELECT COUNT(*) FROM "splash_comments"  WHERE "splash_comments"."splash_id" = $1  [["splash_id", 1042]]
  [1m[36mUserSplash Load (0.4ms)[0m  [1mSELECT  "user_splashes".* FROM "user_splashes"  WHERE "user_splashes"."splash_id" = $1 AND "user_splashes"."user_id" = 12 LIMIT 1[0m  [["splash_id", 1043]]
  [1m[35m (0.3ms)[0m  SELECT COUNT(*) FROM "user_splashes"  WHERE "user_splashes"."splash_id" = $1  [["splash_id", 1043]]
  [1m[36m (0.2ms)[0m  [1mSELECT COUNT(*) FROM "user_splashes"  WHERE "user_splashes"."splash_id" = $1 AND "user_splashes"."favorited" = 't'[0m  [["splash_id", 1043]]
  [1m[35m (0.2ms)[0m  SELECT COUNT(*) FROM "splash_comments"  WHERE "splash_comments"."splash_id" = $1  [["splash_id", 1043]]
  [1m[36mUserSplash Load (1.9ms)[0m  [1mSELECT  "user_splashes".* FROM "user_splashes"  WHERE "user_splashes"."splash_id" = $1 AND "user_splashes"."user_id" = 12 LIMIT 1[0m  [["splash_id", 1044]]
  [1m[35m (0.7ms)[0m  SELECT COUNT(*) FROM "user_splashes"  WHERE "user_splashes"."splash_id" = $1  [["splash_id", 1044]]
  [1m[36m (0.8ms)[0m  [1mSELECT COUNT(*) FROM "user_splashes"  WHERE "user_splashes"."splash_id" = $1 AND "user_splashes"."favorited" = 't'[0m  [["splash_id", 1044]]
  [1m[35m (0.3ms)[0m  SELECT COUNT(*) FROM "splash_comments"  WHERE "splash_comments"."splash_id" = $1  [["splash_id", 1044]]
  [1m[36mUserSplash Load (0.3ms)[0m  [1mSELECT  "user_splashes".* FROM "user_splashes"  WHERE "user_splashes"."splash_id" = $1 AND "user_splashes"."user_id" = 12 LIMIT 1[0m  [["splash_id", 1045]]
  [1m[35m (0.7ms)[0m  SELECT COUNT(*) FROM "user_splashes"  WHERE "user_splashes"."splash_id" = $1  [["splash_id", 1045]]
  [1m[36m (0.9ms)[0m  [1mSELECT COUNT(*) FROM "user_splashes"  WHERE "user_splashes"."splash_id" = $1 AND "user_splashes"."favorited" = 't'[0m  [["splash_id", 1045]]
  [1m[35m (0.9ms)[0m  SELECT COUNT(*) FROM "splash_comments"  WHERE "splash_comments"."splash_id" = $1  [["splash_id", 1045]]
  [1m[36mUserSplash Load (5.7ms)[0m  [1mSELECT  "user_splashes".* FROM "user_splashes"  WHERE "user_splashes"."splash_id" = $1 AND "user_splashes"."user_id" = 12 LIMIT 1[0m  [["splash_id", 1046]]
  [1m[35m (1.0ms)[0m  SELECT COUNT(*) FROM "user_splashes"  WHERE "user_splashes"."splash_id" = $1  [["splash_id", 1046]]
  [1m[36m (4.2ms)[0m  [1mSELECT COUNT(*) FROM "user_splashes"  WHERE "user_splashes"."splash_id" = $1 AND "user_splashes"."favorited" = 't'[0m  [["splash_id", 1046]]
  [1m[35m (0.6ms)[0m  SELECT COUNT(*) FROM "splash_comments"  WHERE "splash_comments"."splash_id" = $1  [["splash_id", 1046]]
  [1m[36mUserSplash Load (3.4ms)[0m  [1mSELECT  "user_splashes".* FROM "user_splashes"  WHERE "user_splashes"."splash_id" = $1 AND "user_splashes"."user_id" = 12 LIMIT 1[0m  [["splash_id", 1047]]
  [1m[35m (2.9ms)[0m  SELECT COUNT(*) FROM "user_splashes"  WHERE "user_splashes"."splash_id" = $1  [["splash_id", 1047]]
  [1m[36m (0.5ms)[0m  [1mSELECT COUNT(*) FROM "user_splashes"  WHERE "user_splashes"."splash_id" = $1 AND "user_splashes"."favorited" = 't'[0m  [["splash_id", 1047]]
  [1m[35m (1.4ms)[0m  SELECT COUNT(*) FROM "splash_comments"  WHERE "splash_comments"."splash_id" = $1  [["splash_id", 1047]]
  [1m[36mUserSplash Load (1.3ms)[0m  [1mSELECT  "user_splashes".* FROM "user_splashes"  WHERE "user_splashes"."splash_id" = $1 AND "user_splashes"."user_id" = 12 LIMIT 1[0m  [["splash_id", 1048]]
  [1m[35m (6.0ms)[0m  SELECT COUNT(*) FROM "user_splashes"  WHERE "user_splashes"."splash_id" = $1  [["splash_id", 1048]]
  [1m[36m (0.4ms)[0m  [1mSELECT COUNT(*) FROM "user_splashes"  WHERE "user_splashes"."splash_id" = $1 AND "user_splashes"."favorited" = 't'[0m  [["splash_id", 1048]]
  [1m[35m (1.5ms)[0m  SELECT COUNT(*) FROM "splash_comments"  WHERE "splash_comments"."splash_id" = $1  [["splash_id", 1048]]
  [1m[36mUserSplash Load (2.1ms)[0m  [1mSELECT  "user_splashes".* FROM "user_splashes"  WHERE "user_splashes"."splash_id" = $1 AND "user_splashes"."user_id" = 12 LIMIT 1[0m  [["splash_id", 1049]]
  [1m[35m (0.7ms)[0m  SELECT COUNT(*) FROM "user_splashes"  WHERE "user_splashes"."splash_id" = $1  [["splash_id", 1049]]
  [1m[36m (0.7ms)[0m  [1mSELECT COUNT(*) FROM "user_splashes"  WHERE "user_splashes"."splash_id" = $1 AND "user_splashes"."favorited" = 't'[0m  [["splash_id", 1049]]
  [1m[35m (0.4ms)[0m  SELECT COUNT(*) FROM "splash_comments"  WHERE "splash_comments"."splash_id" = $1  [["splash_id", 1049]]
  [1m[36mUserSplash Load (0.8ms)[0m  [1mSELECT  "user_splashes".* FROM "user_splashes"  WHERE "user_splashes"."splash_id" = $1 AND "user_splashes"."user_id" = 12 LIMIT 1[0m  [["splash_id", 1050]]
  [1m[35m (0.9ms)[0m  SELECT COUNT(*) FROM "user_splashes"  WHERE "user_splashes"."splash_id" = $1  [["splash_id", 1050]]
  [1m[36m (0.4ms)[0m  [1mSELECT COUNT(*) FROM "user_splashes"  WHERE "user_splashes"."splash_id" = $1 AND "user_splashes"."favorited" = 't'[0m  [["splash_id", 1050]]
  [1m[35m (0.9ms)[0m  SELECT COUNT(*) FROM "splash_comments"  WHERE "splash_comments"."splash_id" = $1  [["splash_id", 1050]]
  [1m[36mUserSplash Load (7.3ms)[0m  [1mSELECT  "user_splashes".* FROM "user_splashes"  WHERE "user_splashes"."splash_id" = $1 AND "user_splashes"."user_id" = 12 LIMIT 1[0m  [["splash_id", 1051]]
  [1m[35m (6.3ms)[0m  SELECT COUNT(*) FROM "user_splashes"  WHERE "user_splashes"."splash_id" = $1  [["splash_id", 1051]]
  [1m[36m (0.6ms)[0m  [1mSELECT COUNT(*) FROM "user_splashes"  WHERE "user_splashes"."splash_id" = $1 AND "user_splashes"."favorited" = 't'[0m  [["splash_id", 1051]]
  [1m[35m (0.7ms)[0m  SELECT COUNT(*) FROM "splash_comments"  WHERE "splash_comments"."splash_id" = $1  [["splash_id", 1051]]
  [1m[36mUserSplash Load (0.7ms)[0m  [1mSELECT  "user_splashes".* FROM "user_splashes"  WHERE "user_splashes"."splash_id" = $1 AND "user_splashes"."user_id" = 12 LIMIT 1[0m  [["splash_id", 1052]]
  [1m[35m (0.8ms)[0m  SELECT COUNT(*) FROM "user_splashes"  WHERE "user_splashes"."splash_id" = $1  [["splash_id", 1052]]
  [1m[36m (2.1ms)[0m  [1mSELECT COUNT(*) FROM "user_splashes"  WHERE "user_splashes"."splash_id" = $1 AND "user_splashes"."favorited" = 't'[0m  [["splash_id", 1052]]
  [1m[35m (1.5ms)[0m  SELECT COUNT(*) FROM "splash_comments"  WHERE "splash_comments"."splash_id" = $1  [["splash_id", 1052]]
  [1m[36mUserSplash Load (0.3ms)[0m  [1mSELECT  "user_splashes".* FROM "user_splashes"  WHERE "user_splashes"."splash_id" = $1 AND "user_splashes"."user_id" = 12 LIMIT 1[0m  [["splash_id", 1053]]
  [1m[35m (0.4ms)[0m  SELECT COUNT(*) FROM "user_splashes"  WHERE "user_splashes"."splash_id" = $1  [["splash_id", 1053]]
  [1m[36m (1.0ms)[0m  [1mSELECT COUNT(*) FROM "user_splashes"  WHERE "user_splashes"."splash_id" = $1 AND "user_splashes"."favorited" = 't'[0m  [["splash_id", 1053]]
  [1m[35m (1.9ms)[0m  SELECT COUNT(*) FROM "splash_comments"  WHERE "splash_comments"."splash_id" = $1  [["splash_id", 1053]]
  [1m[36mUserSplash Load (4.0ms)[0m  [1mSELECT  "user_splashes".* FROM "user_splashes"  WHERE "user_splashes"."splash_id" = $1 AND "user_splashes"."user_id" = 12 LIMIT 1[0m  [["splash_id", 1054]]
  [1m[35m (2.1ms)[0m  SELECT COUNT(*) FROM "user_splashes"  WHERE "user_splashes"."splash_id" = $1  [["splash_id", 1054]]
  [1m[36m (0.4ms)[0m  [1mSELECT COUNT(*) FROM "user_splashes"  WHERE "user_splashes"."splash_id" = $1 AND "user_splashes"."favorited" = 't'[0m  [["splash_id", 1054]]
  [1m[35m (0.9ms)[0m  SELECT COUNT(*) FROM "splash_comments"  WHERE "splash_comments"."splash_id" = $1  [["splash_id", 1054]]
  [1m[36mUserSplash Load (4.5ms)[0m  [1mSELECT  "user_splashes".* FROM "user_splashes"  WHERE "user_splashes"."splash_id" = $1 AND "user_splashes"."user_id" = 12 LIMIT 1[0m  [["splash_id", 1055]]
  [1m[35m (2.7ms)[0m  SELECT COUNT(*) FROM "user_splashes"  WHERE "user_splashes"."splash_id" = $1  [["splash_id", 1055]]
  [1m[36m (8.1ms)[0m  [1mSELECT COUNT(*) FROM "user_splashes"  WHERE "user_splashes"."splash_id" = $1 AND "user_splashes"."favorited" = 't'[0m  [["splash_id", 1055]]
  [1m[35m (0.7ms)[0m  SELECT COUNT(*) FROM "splash_comments"  WHERE "splash_comments"."splash_id" = $1  [["splash_id", 1055]]
Completed 200 OK in 687ms (Views: 15.8ms | ActiveRecord: 184.0ms)


Started GET "/?latitude=37.7556636&longitude=-122.4753082" for 127.0.0.1 at 2015-01-04 15:02:30 -0800
Processing by SplashesController#index as HTML
  Parameters: {"latitude"=>"37.7556636", "longitude"=>"-122.4753082"}
  [1m[36mAuth Load (0.3ms)[0m  [1mSELECT  "auths".* FROM "auths"  WHERE "auths"."access_token" = 'CAAKDGMC7ZACABAKkfVVIRgKsQ5nBfr4zycBtOe5cWFQYKlnsmOdgGlCk1ptMEZBiUcUAVpEEvwJsKSAWap6pTiMsvh5ncAaGBAQhjKvXqVQPZAAZAIqEGwt3LVjpQyZCECr22ECx89Q6lo439cRcXlvnwtmfWZB2F7ZB5LQdCWVlGgrEEHUnlZANEds20ZBhwyAzLPdvUsYWsXxHzmRBWqfAcol5gKbexixEZD' LIMIT 1[0m
  [1m[35mUser Load (0.4ms)[0m  SELECT  "users".* FROM "users"  WHERE "users"."id" = $1 LIMIT 1  [["id", 12]]
  [1m[36m (0.1ms)[0m  [1mBEGIN[0m
  [1m[35m (0.1ms)[0m  COMMIT
  [1m[36mSplash Load (0.8ms)[0m  [1mSELECT  "splashes".* FROM "splashes" INNER JOIN "user_splashes" ON "splashes"."id" = "user_splashes"."splash_id" WHERE "user_splashes"."user_id" = $1  ORDER BY "splashes"."id" ASC LIMIT 1000[0m  [["user_id", 12]]
  [1m[35mUserSplash Load (0.9ms)[0m  SELECT "user_splashes".* FROM "user_splashes"  WHERE "user_splashes"."splash_id" IN (1036, 1037, 1038, 1039, 1040, 1041, 1042, 1043, 1044, 1045, 1046, 1047, 1048, 1049, 1050, 1051, 1052, 1053, 1054, 1055)
  [1m[36mUser Load (0.3ms)[0m  [1mSELECT "users".* FROM "users"  WHERE "users"."id" IN (8, 9, 10, 11)[0m
  [1m[35mUserSplash Load (0.2ms)[0m  SELECT  "user_splashes".* FROM "user_splashes"  WHERE "user_splashes"."splash_id" = $1 AND "user_splashes"."user_id" = 12 LIMIT 1  [["splash_id", 1036]]
  [1m[36m (0.2ms)[0m  [1mSELECT COUNT(*) FROM "user_splashes"  WHERE "user_splashes"."splash_id" = $1[0m  [["splash_id", 1036]]
  [1m[35m (0.2ms)[0m  SELECT COUNT(*) FROM "user_splashes"  WHERE "user_splashes"."splash_id" = $1 AND "user_splashes"."favorited" = 't'  [["splash_id", 1036]]
  [1m[36m (0.2ms)[0m  [1mSELECT COUNT(*) FROM "splash_comments"  WHERE "splash_comments"."splash_id" = $1[0m  [["splash_id", 1036]]
  [1m[35mUserSplash Load (0.2ms)[0m  SELECT  "user_splashes".* FROM "user_splashes"  WHERE "user_splashes"."splash_id" = $1 AND "user_splashes"."user_id" = 12 LIMIT 1  [["splash_id", 1037]]
  [1m[36m (0.2ms)[0m  [1mSELECT COUNT(*) FROM "user_splashes"  WHERE "user_splashes"."splash_id" = $1[0m  [["splash_id", 1037]]
  [1m[35m (0.1ms)[0m  SELECT COUNT(*) FROM "user_splashes"  WHERE "user_splashes"."splash_id" = $1 AND "user_splashes"."favorited" = 't'  [["splash_id", 1037]]
  [1m[36m (0.2ms)[0m  [1mSELECT COUNT(*) FROM "splash_comments"  WHERE "splash_comments"."splash_id" = $1[0m  [["splash_id", 1037]]
  [1m[35mUserSplash Load (0.2ms)[0m  SELECT  "user_splashes".* FROM "user_splashes"  WHERE "user_splashes"."splash_id" = $1 AND "user_splashes"."user_id" = 12 LIMIT 1  [["splash_id", 1038]]
  [1m[36m (0.2ms)[0m  [1mSELECT COUNT(*) FROM "user_splashes"  WHERE "user_splashes"."splash_id" = $1[0m  [["splash_id", 1038]]
  [1m[35m (0.2ms)[0m  SELECT COUNT(*) FROM "user_splashes"  WHERE "user_splashes"."splash_id" = $1 AND "user_splashes"."favorited" = 't'  [["splash_id", 1038]]
  [1m[36m (0.3ms)[0m  [1mSELECT COUNT(*) FROM "splash_comments"  WHERE "splash_comments"."splash_id" = $1[0m  [["splash_id", 1038]]
  [1m[35mUserSplash Load (0.3ms)[0m  SELECT  "user_splashes".* FROM "user_splashes"  WHERE "user_splashes"."splash_id" = $1 AND "user_splashes"."user_id" = 12 LIMIT 1  [["splash_id", 1039]]
  [1m[36m (0.2ms)[0m  [1mSELECT COUNT(*) FROM "user_splashes"  WHERE "user_splashes"."splash_id" = $1[0m  [["splash_id", 1039]]
  [1m[35m (0.1ms)[0m  SELECT COUNT(*) FROM "user_splashes"  WHERE "user_splashes"."splash_id" = $1 AND "user_splashes"."favorited" = 't'  [["splash_id", 1039]]
  [1m[36m (0.2ms)[0m  [1mSELECT COUNT(*) FROM "splash_comments"  WHERE "splash_comments"."splash_id" = $1[0m  [["splash_id", 1039]]
  [1m[35mUserSplash Load (0.5ms)[0m  SELECT  "user_splashes".* FROM "user_splashes"  WHERE "user_splashes"."splash_id" = $1 AND "user_splashes"."user_id" = 12 LIMIT 1  [["splash_id", 1040]]
  [1m[36m (0.3ms)[0m  [1mSELECT COUNT(*) FROM "user_splashes"  WHERE "user_splashes"."splash_id" = $1[0m  [["splash_id", 1040]]
  [1m[35m (0.3ms)[0m  SELECT COUNT(*) FROM "user_splashes"  WHERE "user_splashes"."splash_id" = $1 AND "user_splashes"."favorited" = 't'  [["splash_id", 1040]]
  [1m[36m (0.3ms)[0m  [1mSELECT COUNT(*) FROM "splash_comments"  WHERE "splash_comments"."splash_id" = $1[0m  [["splash_id", 1040]]
  [1m[35mUserSplash Load (0.3ms)[0m  SELECT  "user_splashes".* FROM "user_splashes"  WHERE "user_splashes"."splash_id" = $1 AND "user_splashes"."user_id" = 12 LIMIT 1  [["splash_id", 1041]]
  [1m[36m (0.2ms)[0m  [1mSELECT COUNT(*) FROM "user_splashes"  WHERE "user_splashes"."splash_id" = $1[0m  [["splash_id", 1041]]
  [1m[35m (0.3ms)[0m  SELECT COUNT(*) FROM "user_splashes"  WHERE "user_splashes"."splash_id" = $1 AND "user_splashes"."favorited" = 't'  [["splash_id", 1041]]
  [1m[36m (0.3ms)[0m  [1mSELECT COUNT(*) FROM "splash_comments"  WHERE "splash_comments"."splash_id" = $1[0m  [["splash_id", 1041]]
  [1m[35mUserSplash Load (0.3ms)[0m  SELECT  "user_splashes".* FROM "user_splashes"  WHERE "user_splashes"."splash_id" = $1 AND "user_splashes"."user_id" = 12 LIMIT 1  [["splash_id", 1042]]
  [1m[36m (0.3ms)[0m  [1mSELECT COUNT(*) FROM "user_splashes"  WHERE "user_splashes"."splash_id" = $1[0m  [["splash_id", 1042]]
  [1m[35m (0.2ms)[0m  SELECT COUNT(*) FROM "user_splashes"  WHERE "user_splashes"."splash_id" = $1 AND "user_splashes"."favorited" = 't'  [["splash_id", 1042]]
  [1m[36m (0.3ms)[0m  [1mSELECT COUNT(*) FROM "splash_comments"  WHERE "splash_comments"."splash_id" = $1[0m  [["splash_id", 1042]]
  [1m[35mUserSplash Load (0.3ms)[0m  SELECT  "user_splashes".* FROM "user_splashes"  WHERE "user_splashes"."splash_id" = $1 AND "user_splashes"."user_id" = 12 LIMIT 1  [["splash_id", 1043]]
  [1m[36m (0.3ms)[0m  [1mSELECT COUNT(*) FROM "user_splashes"  WHERE "user_splashes"."splash_id" = $1[0m  [["splash_id", 1043]]
  [1m[35m (0.3ms)[0m  SELECT COUNT(*) FROM "user_splashes"  WHERE "user_splashes"."splash_id" = $1 AND "user_splashes"."favorited" = 't'  [["splash_id", 1043]]
  [1m[36m (0.6ms)[0m  [1mSELECT COUNT(*) FROM "splash_comments"  WHERE "splash_comments"."splash_id" = $1[0m  [["splash_id", 1043]]
  [1m[35mUserSplash Load (0.3ms)[0m  SELECT  "user_splashes".* FROM "user_splashes"  WHERE "user_splashes"."splash_id" = $1 AND "user_splashes"."user_id" = 12 LIMIT 1  [["splash_id", 1044]]
  [1m[36m (0.3ms)[0m  [1mSELECT COUNT(*) FROM "user_splashes"  WHERE "user_splashes"."splash_id" = $1[0m  [["splash_id", 1044]]
  [1m[35m (0.3ms)[0m  SELECT COUNT(*) FROM "user_splashes"  WHERE "user_splashes"."splash_id" = $1 AND "user_splashes"."favorited" = 't'  [["splash_id", 1044]]
  [1m[36m (0.3ms)[0m  [1mSELECT COUNT(*) FROM "splash_comments"  WHERE "splash_comments"."splash_id" = $1[0m  [["splash_id", 1044]]
  [1m[35mUserSplash Load (0.2ms)[0m  SELECT  "user_splashes".* FROM "user_splashes"  WHERE "user_splashes"."splash_id" = $1 AND "user_splashes"."user_id" = 12 LIMIT 1  [["splash_id", 1045]]
  [1m[36m (0.3ms)[0m  [1mSELECT COUNT(*) FROM "user_splashes"  WHERE "user_splashes"."splash_id" = $1[0m  [["splash_id", 1045]]
  [1m[35m (0.2ms)[0m  SELECT COUNT(*) FROM "user_splashes"  WHERE "user_splashes"."splash_id" = $1 AND "user_splashes"."favorited" = 't'  [["splash_id", 1045]]
  [1m[36m (0.2ms)[0m  [1mSELECT COUNT(*) FROM "splash_comments"  WHERE "splash_comments"."splash_id" = $1[0m  [["splash_id", 1045]]
  [1m[35mUserSplash Load (0.2ms)[0m  SELECT  "user_splashes".* FROM "user_splashes"  WHERE "user_splashes"."splash_id" = $1 AND "user_splashes"."user_id" = 12 LIMIT 1  [["splash_id", 1046]]
  [1m[36m (0.3ms)[0m  [1mSELECT COUNT(*) FROM "user_splashes"  WHERE "user_splashes"."splash_id" = $1[0m  [["splash_id", 1046]]
  [1m[35m (0.5ms)[0m  SELECT COUNT(*) FROM "user_splashes"  WHERE "user_splashes"."splash_id" = $1 AND "user_splashes"."favorited" = 't'  [["splash_id", 1046]]
  [1m[36m (0.3ms)[0m  [1mSELECT COUNT(*) FROM "splash_comments"  WHERE "splash_comments"."splash_id" = $1[0m  [["splash_id", 1046]]
  [1m[35mUserSplash Load (0.3ms)[0m  SELECT  "user_splashes".* FROM "user_splashes"  WHERE "user_splashes"."splash_id" = $1 AND "user_splashes"."user_id" = 12 LIMIT 1  [["splash_id", 1047]]
  [1m[36m (0.4ms)[0m  [1mSELECT COUNT(*) FROM "user_splashes"  WHERE "user_splashes"."splash_id" = $1[0m  [["splash_id", 1047]]
  [1m[35m (0.5ms)[0m  SELECT COUNT(*) FROM "user_splashes"  WHERE "user_splashes"."splash_id" = $1 AND "user_splashes"."favorited" = 't'  [["splash_id", 1047]]
  [1m[36m (0.3ms)[0m  [1mSELECT COUNT(*) FROM "splash_comments"  WHERE "splash_comments"."splash_id" = $1[0m  [["splash_id", 1047]]
  [1m[35mUserSplash Load (0.3ms)[0m  SELECT  "user_splashes".* FROM "user_splashes"  WHERE "user_splashes"."splash_id" = $1 AND "user_splashes"."user_id" = 12 LIMIT 1  [["splash_id", 1048]]
  [1m[36m (0.3ms)[0m  [1mSELECT COUNT(*) FROM "user_splashes"  WHERE "user_splashes"."splash_id" = $1[0m  [["splash_id", 1048]]
  [1m[35m (0.2ms)[0m  SELECT COUNT(*) FROM "user_splashes"  WHERE "user_splashes"."splash_id" = $1 AND "user_splashes"."favorited" = 't'  [["splash_id", 1048]]
  [1m[36m (0.2ms)[0m  [1mSELECT COUNT(*) FROM "splash_comments"  WHERE "splash_comments"."splash_id" = $1[0m  [["splash_id", 1048]]
  [1m[35mUserSplash Load (0.3ms)[0m  SELECT  "user_splashes".* FROM "user_splashes"  WHERE "user_splashes"."splash_id" = $1 AND "user_splashes"."user_id" = 12 LIMIT 1  [["splash_id", 1049]]
  [1m[36m (0.3ms)[0m  [1mSELECT COUNT(*) FROM "user_splashes"  WHERE "user_splashes"."splash_id" = $1[0m  [["splash_id", 1049]]
  [1m[35m (0.4ms)[0m  SELECT COUNT(*) FROM "user_splashes"  WHERE "user_splashes"."splash_id" = $1 AND "user_splashes"."favorited" = 't'  [["splash_id", 1049]]
  [1m[36m (0.6ms)[0m  [1mSELECT COUNT(*) FROM "splash_comments"  WHERE "splash_comments"."splash_id" = $1[0m  [["splash_id", 1049]]
  [1m[35mUserSplash Load (0.2ms)[0m  SELECT  "user_splashes".* FROM "user_splashes"  WHERE "user_splashes"."splash_id" = $1 AND "user_splashes"."user_id" = 12 LIMIT 1  [["splash_id", 1050]]
  [1m[36m (0.2ms)[0m  [1mSELECT COUNT(*) FROM "user_splashes"  WHERE "user_splashes"."splash_id" = $1[0m  [["splash_id", 1050]]
  [1m[35m (0.2ms)[0m  SELECT COUNT(*) FROM "user_splashes"  WHERE "user_splashes"."splash_id" = $1 AND "user_splashes"."favorited" = 't'  [["splash_id", 1050]]
  [1m[36m (0.4ms)[0m  [1mSELECT COUNT(*) FROM "splash_comments"  WHERE "splash_comments"."splash_id" = $1[0m  [["splash_id", 1050]]
  [1m[35mUserSplash Load (0.4ms)[0m  SELECT  "user_splashes".* FROM "user_splashes"  WHERE "user_splashes"."splash_id" = $1 AND "user_splashes"."user_id" = 12 LIMIT 1  [["splash_id", 1051]]
  [1m[36m (0.2ms)[0m  [1mSELECT COUNT(*) FROM "user_splashes"  WHERE "user_splashes"."splash_id" = $1[0m  [["splash_id", 1051]]
  [1m[35m (0.1ms)[0m  SELECT COUNT(*) FROM "user_splashes"  WHERE "user_splashes"."splash_id" = $1 AND "user_splashes"."favorited" = 't'  [["splash_id", 1051]]
  [1m[36m (0.2ms)[0m  [1mSELECT COUNT(*) FROM "splash_comments"  WHERE "splash_comments"."splash_id" = $1[0m  [["splash_id", 1051]]
  [1m[35mUserSplash Load (0.2ms)[0m  SELECT  "user_splashes".* FROM "user_splashes"  WHERE "user_splashes"."splash_id" = $1 AND "user_splashes"."user_id" = 12 LIMIT 1  [["splash_id", 1052]]
  [1m[36m (0.2ms)[0m  [1mSELECT COUNT(*) FROM "user_splashes"  WHERE "user_splashes"."splash_id" = $1[0m  [["splash_id", 1052]]
  [1m[35m (0.2ms)[0m  SELECT COUNT(*) FROM "user_splashes"  WHERE "user_splashes"."splash_id" = $1 AND "user_splashes"."favorited" = 't'  [["splash_id", 1052]]
  [1m[36m (0.2ms)[0m  [1mSELECT COUNT(*) FROM "splash_comments"  WHERE "splash_comments"."splash_id" = $1[0m  [["splash_id", 1052]]
  [1m[35mUserSplash Load (0.2ms)[0m  SELECT  "user_splashes".* FROM "user_splashes"  WHERE "user_splashes"."splash_id" = $1 AND "user_splashes"."user_id" = 12 LIMIT 1  [["splash_id", 1053]]
  [1m[36m (0.2ms)[0m  [1mSELECT COUNT(*) FROM "user_splashes"  WHERE "user_splashes"."splash_id" = $1[0m  [["splash_id", 1053]]
  [1m[35m (0.2ms)[0m  SELECT COUNT(*) FROM "user_splashes"  WHERE "user_splashes"."splash_id" = $1 AND "user_splashes"."favorited" = 't'  [["splash_id", 1053]]
  [1m[36m (0.3ms)[0m  [1mSELECT COUNT(*) FROM "splash_comments"  WHERE "splash_comments"."splash_id" = $1[0m  [["splash_id", 1053]]
  [1m[35mUserSplash Load (0.2ms)[0m  SELECT  "user_splashes".* FROM "user_splashes"  WHERE "user_splashes"."splash_id" = $1 AND "user_splashes"."user_id" = 12 LIMIT 1  [["splash_id", 1054]]
  [1m[36m (0.4ms)[0m  [1mSELECT COUNT(*) FROM "user_splashes"  WHERE "user_splashes"."splash_id" = $1[0m  [["splash_id", 1054]]
  [1m[35m (0.3ms)[0m  SELECT COUNT(*) FROM "user_splashes"  WHERE "user_splashes"."splash_id" = $1 AND "user_splashes"."favorited" = 't'  [["splash_id", 1054]]
  [1m[36m (0.6ms)[0m  [1mSELECT COUNT(*) FROM "splash_comments"  WHERE "splash_comments"."splash_id" = $1[0m  [["splash_id", 1054]]
  [1m[35mUserSplash Load (2.6ms)[0m  SELECT  "user_splashes".* FROM "user_splashes"  WHERE "user_splashes"."splash_id" = $1 AND "user_splashes"."user_id" = 12 LIMIT 1  [["splash_id", 1055]]
  [1m[36m (1.6ms)[0m  [1mSELECT COUNT(*) FROM "user_splashes"  WHERE "user_splashes"."splash_id" = $1[0m  [["splash_id", 1055]]
  [1m[35m (0.8ms)[0m  SELECT COUNT(*) FROM "user_splashes"  WHERE "user_splashes"."splash_id" = $1 AND "user_splashes"."favorited" = 't'  [["splash_id", 1055]]
  [1m[36m (6.6ms)[0m  [1mSELECT COUNT(*) FROM "splash_comments"  WHERE "splash_comments"."splash_id" = $1[0m  [["splash_id", 1055]]
Completed 200 OK in 153ms (Views: 16.8ms | ActiveRecord: 34.9ms)
